[debug] [2026-06-17T14:54:53.658Z] ----------------------------------------------------------------------
[debug] [2026-06-17T14:54:53.659Z] Command:       C:\Program Files\nodejs\node.exe C:\Users\Rei\AppData\Roaming\npm\node_modules\firebase-tools\lib\bin\firebase.js init hosting
[debug] [2026-06-17T14:54:53.659Z] CLI Version:   15.20.0
[debug] [2026-06-17T14:54:53.659Z] Platform:      win32
[debug] [2026-06-17T14:54:53.659Z] Node Version:  v24.15.0
[debug] [2026-06-17T14:54:53.659Z] Time:          Wed Jun 17 2026 21:54:53 GMT+0700 (Western Indonesia Time)
[debug] [2026-06-17T14:54:53.660Z] ----------------------------------------------------------------------
[debug] 
[info] 
     ######## #### ########  ######## ########     ###     ######  ########
     ##        ##  ##     ## ##       ##     ##  ##   ##  ##       ##
     ######    ##  ########  ######   ########  #########  ######  ######
     ##        ##  ##    ##  ##       ##     ## ##     ##       ## ##
     ##       #### ##     ## ######## ########  ##     ##  ######  ########

You're about to initialize a Firebase project in this directory:

  C:\Users\Rei\Documents\IDEA\pixel-group

[info] 
=== Project Setup
[info] 
[info] First, let's associate this project directory with a Firebase project.
[info] You can create multiple project aliases by running firebase use --add, 
[info] 
[debug] [2026-06-17T14:55:21.768Z] > command requires scopes: ["email","openid","https://www.googleapis.com/auth/cloudplatformprojects.readonly","https://www.googleapis.com/auth/firebase","https://www.googleapis.com/auth/cloud-platform"]
[debug] [2026-06-17T14:55:21.768Z] > authorizing via signed-in user (wh.bogarina@gmail.com)
[debug] [2026-06-17T14:55:21.769Z] Checked if tokens are valid: true, expires at: 1781711683298
[debug] [2026-06-17T14:55:21.769Z] Checked if tokens are valid: true, expires at: 1781711683298
[debug] [2026-06-17T14:55:21.770Z] >>> [apiv2][query] GET https://firebase.googleapis.com/v1beta1/projects pageSize=100
[debug] [2026-06-17T14:55:23.367Z] <<< [apiv2][status] GET https://firebase.googleapis.com/v1beta1/projects 200
[debug] [2026-06-17T14:55:23.367Z] <<< [apiv2][body] GET https://firebase.googleapis.com/v1beta1/projects [omitted]
[debug] [2026-06-17T14:56:01.864Z] ----------------------------------------------------------------------
[debug] [2026-06-17T14:56:01.865Z] Command:       C:\Program Files\nodejs\node.exe C:\Users\Rei\AppData\Roaming\npm\node_modules\firebase-tools\lib\bin\firebase.js init hosting
[debug] [2026-06-17T14:56:01.865Z] CLI Version:   15.20.0
[debug] [2026-06-17T14:56:01.865Z] Platform:      win32
[debug] [2026-06-17T14:56:01.865Z] Node Version:  v24.15.0
[debug] [2026-06-17T14:56:01.865Z] Time:          Wed Jun 17 2026 21:56:01 GMT+0700 (Western Indonesia Time)
[debug] [2026-06-17T14:56:01.865Z] ----------------------------------------------------------------------
[debug] 
[info] 
     ######## #### ########  ######## ########     ###     ######  ########
     ##        ##  ##     ## ##       ##     ##  ##   ##  ##       ##
     ######    ##  ########  ######   ########  #########  ######  ######
     ##        ##  ##    ##  ##       ##     ## ##     ##       ## ##
     ##       #### ##     ## ######## ########  ##     ##  ######  ########

You're about to initialize a Firebase project in this directory:

  C:\Users\Rei\Documents\IDEA\pixel-group

[info] 
=== Project Setup
[info] 
[info] First, let's associate this project directory with a Firebase project.
[info] You can create multiple project aliases by running firebase use --add, 
[info] 
[info] i  If you want to create a project in a Google Cloud organization or folder, please use "firebase projects:create" instead, and return to this command when you've created the project. 
[debug] [2026-06-17T14:56:07.617Z] > command requires scopes: ["email","openid","https://www.googleapis.com/auth/cloudplatformprojects.readonly","https://www.googleapis.com/auth/firebase","https://www.googleapis.com/auth/cloud-platform"]
[debug] [2026-06-17T14:56:07.617Z] > authorizing via signed-in user (wh.bogarina@gmail.com)
[debug] [2026-06-17T14:56:20.241Z] Checked if tokens are valid: true, expires at: 1781711683298
[debug] [2026-06-17T14:56:20.241Z] Checked if tokens are valid: true, expires at: 1781711683298
[debug] [2026-06-17T14:56:20.242Z] >>> [apiv2][query] POST https://firebase.googleapis.com/v1/projects:checkProjectId [none]
[debug] [2026-06-17T14:56:20.242Z] >>> [apiv2][body] POST https://firebase.googleapis.com/v1/projects:checkProjectId {"proposedId":"ideakreasi"}
[debug] [2026-06-17T14:56:21.672Z] <<< [apiv2][status] POST https://firebase.googleapis.com/v1/projects:checkProjectId 200
[debug] [2026-06-17T14:56:21.672Z] <<< [apiv2][body] POST https://firebase.googleapis.com/v1/projects:checkProjectId {"projectIdStatus":"PROJECT_ID_UNAVAILABLE","suggestedProjectId":"ideakreasi-1e292"}
[debug] [2026-06-17T14:56:25.080Z] Checked if tokens are valid: true, expires at: 1781711683298
[debug] [2026-06-17T14:56:25.080Z] Checked if tokens are valid: true, expires at: 1781711683298
[debug] [2026-06-17T14:56:25.081Z] >>> [apiv2][query] POST https://firebase.googleapis.com/v1/projects:checkProjectId [none]
[debug] [2026-06-17T14:56:25.081Z] >>> [apiv2][body] POST https://firebase.googleapis.com/v1/projects:checkProjectId {"proposedId":"ideakreasi"}
[debug] [2026-06-17T14:56:26.053Z] <<< [apiv2][status] POST https://firebase.googleapis.com/v1/projects:checkProjectId 200
[debug] [2026-06-17T14:56:26.053Z] <<< [apiv2][body] POST https://firebase.googleapis.com/v1/projects:checkProjectId {"projectIdStatus":"PROJECT_ID_UNAVAILABLE","suggestedProjectId":"ideakreasi-18a98"}
[debug] [2026-06-17T14:56:35.400Z] Checked if tokens are valid: true, expires at: 1781711683298
[debug] [2026-06-17T14:56:35.401Z] Checked if tokens are valid: true, expires at: 1781711683298
[debug] [2026-06-17T14:56:35.401Z] >>> [apiv2][query] POST https://firebase.googleapis.com/v1/projects:checkProjectId [none]
[debug] [2026-06-17T14:56:35.401Z] >>> [apiv2][body] POST https://firebase.googleapis.com/v1/projects:checkProjectId {"proposedId":"ideakreasiideakreasi-18a98"}
[debug] [2026-06-17T14:56:36.069Z] <<< [apiv2][status] POST https://firebase.googleapis.com/v1/projects:checkProjectId 200
[debug] [2026-06-17T14:56:36.069Z] <<< [apiv2][body] POST https://firebase.googleapis.com/v1/projects:checkProjectId {"projectIdStatus":"PROJECT_ID_AVAILABLE","suggestedProjectId":"ideakreasiideakreasi-18a98"}
[debug] [2026-06-17T14:56:40.202Z] Checked if tokens are valid: true, expires at: 1781711683298
[debug] [2026-06-17T14:56:40.203Z] Checked if tokens are valid: true, expires at: 1781711683298
[debug] [2026-06-17T14:56:40.203Z] >>> [apiv2][query] POST https://cloudresourcemanager.googleapis.com/v1/projects [none]
[debug] [2026-06-17T14:56:40.203Z] >>> [apiv2][body] POST https://cloudresourcemanager.googleapis.com/v1/projects {"projectId":"ideakreasiideakreasi-18a98","name":"ideakreasiideakreasi-18a98"}
[debug] [2026-06-17T14:56:41.587Z] <<< [apiv2][status] POST https://cloudresourcemanager.googleapis.com/v1/projects 200
[debug] [2026-06-17T14:56:41.587Z] <<< [apiv2][body] POST https://cloudresourcemanager.googleapis.com/v1/projects {"name":"operations/create_project.global.5244718462867000024"}
[debug] [2026-06-17T14:56:41.588Z] Checked if tokens are valid: true, expires at: 1781711683298
[debug] [2026-06-17T14:56:41.588Z] Checked if tokens are valid: true, expires at: 1781711683298
[debug] [2026-06-17T14:56:41.588Z] >>> [apiv2][query] GET https://cloudresourcemanager.googleapis.com/v1/operations/create_project.global.5244718462867000024 [none]
[debug] [2026-06-17T14:56:42.900Z] <<< [apiv2][status] GET https://cloudresourcemanager.googleapis.com/v1/operations/create_project.global.5244718462867000024 200
[debug] [2026-06-17T14:56:42.900Z] <<< [apiv2][body] GET https://cloudresourcemanager.googleapis.com/v1/operations/create_project.global.5244718462867000024 {"name":"operations/create_project.global.5244718462867000024"}
[debug] [2026-06-17T14:56:43.401Z] [Project Creation Poller] Retrying task index 0
[debug] [2026-06-17T14:56:43.401Z] Checked if tokens are valid: true, expires at: 1781711683298
[debug] [2026-06-17T14:56:43.401Z] Checked if tokens are valid: true, expires at: 1781711683298
[debug] [2026-06-17T14:56:43.402Z] >>> [apiv2][query] GET https://cloudresourcemanager.googleapis.com/v1/operations/create_project.global.5244718462867000024 [none]
[debug] [2026-06-17T14:56:43.808Z] <<< [apiv2][status] GET https://cloudresourcemanager.googleapis.com/v1/operations/create_project.global.5244718462867000024 200
[debug] [2026-06-17T14:56:43.809Z] <<< [apiv2][body] GET https://cloudresourcemanager.googleapis.com/v1/operations/create_project.global.5244718462867000024 {"name":"operations/create_project.global.5244718462867000024","metadata":{"@type":"type.googleapis.com/google.cloudresourcemanager.v1.ProjectCreationStatus","gettable":true,"ready":true},"done":true,"response":{"@type":"type.googleapis.com/google.cloudresourcemanager.v1.Project","projectNumber":"870240961699","projectId":"ideakreasiideakreasi-18a98","lifecycleState":"ACTIVE","name":"ideakreasiideakreasi-18a98","createTime":"2026-06-17T14:56:39.842Z"}}
[debug] [2026-06-17T14:56:43.809Z] Checked if tokens are valid: true, expires at: 1781711683298
[debug] [2026-06-17T14:56:43.809Z] Checked if tokens are valid: true, expires at: 1781711683298
[debug] [2026-06-17T14:56:43.809Z] >>> [apiv2][query] POST https://firebase.googleapis.com/v1beta1/projects/ideakreasiideakreasi-18a98:addFirebase [none]
[debug] [2026-06-17T14:56:48.232Z] <<< [apiv2][status] POST https://firebase.googleapis.com/v1beta1/projects/ideakreasiideakreasi-18a98:addFirebase 200
[debug] [2026-06-17T14:56:48.232Z] <<< [apiv2][body] POST https://firebase.googleapis.com/v1beta1/projects/ideakreasiideakreasi-18a98:addFirebase {"name":"operations/workflows/ZGIyMjZkNTYtYjNlMC00NTQ0LTkzOGQtMmE5NTM0MDYyNzc4"}
[debug] [2026-06-17T14:56:48.232Z] Checked if tokens are valid: true, expires at: 1781711683298
[debug] [2026-06-17T14:56:48.232Z] Checked if tokens are valid: true, expires at: 1781711683298
[debug] [2026-06-17T14:56:48.232Z] >>> [apiv2][query] GET https://firebase.googleapis.com/v1beta1/operations/workflows/ZGIyMjZkNTYtYjNlMC00NTQ0LTkzOGQtMmE5NTM0MDYyNzc4 [none]
[debug] [2026-06-17T14:56:53.445Z] <<< [apiv2][status] GET https://firebase.googleapis.com/v1beta1/operations/workflows/ZGIyMjZkNTYtYjNlMC00NTQ0LTkzOGQtMmE5NTM0MDYyNzc4 200
[debug] [2026-06-17T14:56:53.446Z] <<< [apiv2][body] GET https://firebase.googleapis.com/v1beta1/operations/workflows/ZGIyMjZkNTYtYjNlMC00NTQ0LTkzOGQtMmE5NTM0MDYyNzc4 {"name":"operations/workflows/ZGIyMjZkNTYtYjNlMC00NTQ0LTkzOGQtMmE5NTM0MDYyNzc4"}
[debug] [2026-06-17T14:56:53.950Z] [Add Firebase Poller] Retrying task index 0
[debug] [2026-06-17T14:56:53.950Z] Checked if tokens are valid: true, expires at: 1781711683298
[debug] [2026-06-17T14:56:53.950Z] Checked if tokens are valid: true, expires at: 1781711683298
[debug] [2026-06-17T14:56:53.950Z] >>> [apiv2][query] GET https://firebase.googleapis.com/v1beta1/operations/workflows/ZGIyMjZkNTYtYjNlMC00NTQ0LTkzOGQtMmE5NTM0MDYyNzc4 [none]
[debug] [2026-06-17T14:56:54.981Z] <<< [apiv2][status] GET https://firebase.googleapis.com/v1beta1/operations/workflows/ZGIyMjZkNTYtYjNlMC00NTQ0LTkzOGQtMmE5NTM0MDYyNzc4 200
[debug] [2026-06-17T14:56:54.981Z] <<< [apiv2][body] GET https://firebase.googleapis.com/v1beta1/operations/workflows/ZGIyMjZkNTYtYjNlMC00NTQ0LTkzOGQtMmE5NTM0MDYyNzc4 {"name":"operations/workflows/ZGIyMjZkNTYtYjNlMC00NTQ0LTkzOGQtMmE5NTM0MDYyNzc4"}
[debug] [2026-06-17T14:56:55.984Z] [Add Firebase Poller] Retrying task index 0
[debug] [2026-06-17T14:56:55.984Z] Checked if tokens are valid: true, expires at: 1781711683298
[debug] [2026-06-17T14:56:55.984Z] Checked if tokens are valid: true, expires at: 1781711683298
[debug] [2026-06-17T14:56:55.984Z] >>> [apiv2][query] GET https://firebase.googleapis.com/v1beta1/operations/workflows/ZGIyMjZkNTYtYjNlMC00NTQ0LTkzOGQtMmE5NTM0MDYyNzc4 [none]
[debug] [2026-06-17T14:56:57.003Z] <<< [apiv2][status] GET https://firebase.googleapis.com/v1beta1/operations/workflows/ZGIyMjZkNTYtYjNlMC00NTQ0LTkzOGQtMmE5NTM0MDYyNzc4 200
[debug] [2026-06-17T14:56:57.004Z] <<< [apiv2][body] GET https://firebase.googleapis.com/v1beta1/operations/workflows/ZGIyMjZkNTYtYjNlMC00NTQ0LTkzOGQtMmE5NTM0MDYyNzc4 {"name":"operations/workflows/ZGIyMjZkNTYtYjNlMC00NTQ0LTkzOGQtMmE5NTM0MDYyNzc4"}
[debug] [2026-06-17T14:56:59.006Z] [Add Firebase Poller] Retrying task index 0
[debug] [2026-06-17T14:56:59.006Z] Checked if tokens are valid: true, expires at: 1781711683298
[debug] [2026-06-17T14:56:59.006Z] Checked if tokens are valid: true, expires at: 1781711683298
[debug] [2026-06-17T14:56:59.006Z] >>> [apiv2][query] GET https://firebase.googleapis.com/v1beta1/operations/workflows/ZGIyMjZkNTYtYjNlMC00NTQ0LTkzOGQtMmE5NTM0MDYyNzc4 [none]
[debug] [2026-06-17T14:56:59.860Z] <<< [apiv2][status] GET https://firebase.googleapis.com/v1beta1/operations/workflows/ZGIyMjZkNTYtYjNlMC00NTQ0LTkzOGQtMmE5NTM0MDYyNzc4 200
[debug] [2026-06-17T14:56:59.860Z] <<< [apiv2][body] GET https://firebase.googleapis.com/v1beta1/operations/workflows/ZGIyMjZkNTYtYjNlMC00NTQ0LTkzOGQtMmE5NTM0MDYyNzc4 {"name":"operations/workflows/ZGIyMjZkNTYtYjNlMC00NTQ0LTkzOGQtMmE5NTM0MDYyNzc4"}
[debug] [2026-06-17T14:57:03.870Z] [Add Firebase Poller] Retrying task index 0
[debug] [2026-06-17T14:57:03.871Z] Checked if tokens are valid: true, expires at: 1781711683298
[debug] [2026-06-17T14:57:03.871Z] Checked if tokens are valid: true, expires at: 1781711683298
[debug] [2026-06-17T14:57:03.871Z] >>> [apiv2][query] GET https://firebase.googleapis.com/v1beta1/operations/workflows/ZGIyMjZkNTYtYjNlMC00NTQ0LTkzOGQtMmE5NTM0MDYyNzc4 [none]
[debug] [2026-06-17T14:57:04.555Z] <<< [apiv2][status] GET https://firebase.googleapis.com/v1beta1/operations/workflows/ZGIyMjZkNTYtYjNlMC00NTQ0LTkzOGQtMmE5NTM0MDYyNzc4 200
[debug] [2026-06-17T14:57:04.555Z] <<< [apiv2][body] GET https://firebase.googleapis.com/v1beta1/operations/workflows/ZGIyMjZkNTYtYjNlMC00NTQ0LTkzOGQtMmE5NTM0MDYyNzc4 {"name":"operations/workflows/ZGIyMjZkNTYtYjNlMC00NTQ0LTkzOGQtMmE5NTM0MDYyNzc4"}
